<?xml version="1.0" encoding="UTF-8"?>
<robot generator="Robot 4.0.3 (Python 3.9.6 on win32)" generated="20210713 20:51:25.548" rpa="false" schemaversion="2">
<suite id="s1" name="Variaveis" source="C:\treinamentoSIS\treinamentoSIS-Git\variaveis.robot">
<test id="s1-t1" name="Dicionário Completo">
<kw name="Log To Console" library="BuiltIn">
<arg>${Identificação}</arg>
<doc>Logs the given message to the console.</doc>
<status status="PASS" starttime="20210713 20:51:25.573" endtime="20210713 20:51:25.575"/>
</kw>
<kw name="Log" library="BuiltIn">
<arg>${Identificação}</arg>
<doc>Logs the given message with the given level.</doc>
<msg timestamp="20210713 20:51:25.576" level="INFO">{'Nome': 'Rafaela', 'Idade': '24 anos', 'Profissão': 'Analista de Testes JR', 'Naturalidade': 'Recife/PE', 'Nacionalidade': 'Brasileira', 'Residência': 'Barueri/SP'}</msg>
<status status="PASS" starttime="20210713 20:51:25.575" endtime="20210713 20:51:25.576"/>
</kw>
<status status="PASS" starttime="20210713 20:51:25.572" endtime="20210713 20:51:25.576"/>
</test>
<test id="s1-t2" name="Dicionário Unitário">
<kw name="Log To Console" library="BuiltIn">
<arg>${Identificação.Nome}</arg>
<doc>Logs the given message to the console.</doc>
<status status="PASS" starttime="20210713 20:51:25.579" endtime="20210713 20:51:25.580"/>
</kw>
<kw name="Log" library="BuiltIn">
<arg>${Identificação.Nome}</arg>
<doc>Logs the given message with the given level.</doc>
<msg timestamp="20210713 20:51:25.582" level="INFO">Rafaela</msg>
<status status="PASS" starttime="20210713 20:51:25.581" endtime="20210713 20:51:25.583"/>
</kw>
<kw name="Log" library="BuiltIn">
<arg>${Identificação.Idade}</arg>
<doc>Logs the given message with the given level.</doc>
<msg timestamp="20210713 20:51:25.585" level="INFO">24 anos</msg>
<status status="PASS" starttime="20210713 20:51:25.584" endtime="20210713 20:51:25.585"/>
</kw>
<kw name="Log" library="BuiltIn">
<arg>${Identificação.Profissão}</arg>
<doc>Logs the given message with the given level.</doc>
<msg timestamp="20210713 20:51:25.586" level="INFO">Analista de Testes JR</msg>
<status status="PASS" starttime="20210713 20:51:25.585" endtime="20210713 20:51:25.586"/>
</kw>
<kw name="Log" library="BuiltIn">
<arg>${Identificação.Naturalidade}</arg>
<doc>Logs the given message with the given level.</doc>
<msg timestamp="20210713 20:51:25.589" level="INFO">Recife/PE</msg>
<status status="PASS" starttime="20210713 20:51:25.587" endtime="20210713 20:51:25.589"/>
</kw>
<kw name="Log" library="BuiltIn">
<arg>${Identificação.Nacionalidade}</arg>
<doc>Logs the given message with the given level.</doc>
<msg timestamp="20210713 20:51:25.591" level="INFO">Brasileira</msg>
<status status="PASS" starttime="20210713 20:51:25.591" endtime="20210713 20:51:25.591"/>
</kw>
<kw name="Log" library="BuiltIn">
<arg>${Identificação.Residência}</arg>
<doc>Logs the given message with the given level.</doc>
<msg timestamp="20210713 20:51:25.593" level="INFO">Barueri/SP</msg>
<status status="PASS" starttime="20210713 20:51:25.592" endtime="20210713 20:51:25.593"/>
</kw>
<status status="PASS" starttime="20210713 20:51:25.578" endtime="20210713 20:51:25.593"/>
</test>
<test id="s1-t3" name="Lista Completa">
<kw name="Log To Console" library="BuiltIn">
<arg>${Celular}</arg>
<doc>Logs the given message to the console.</doc>
<status status="PASS" starttime="20210713 20:51:25.597" endtime="20210713 20:51:25.598"/>
</kw>
<kw name="Log" library="BuiltIn">
<arg>${Celular}</arg>
<doc>Logs the given message with the given level.</doc>
<msg timestamp="20210713 20:51:25.600" level="INFO">['Samsung', 'Iphone', 'Motorola', 'Xiaomi', 'Nokia']</msg>
<status status="PASS" starttime="20210713 20:51:25.599" endtime="20210713 20:51:25.600"/>
</kw>
<status status="PASS" starttime="20210713 20:51:25.596" endtime="20210713 20:51:25.601"/>
</test>
<test id="s1-t4" name="Lista Unitária">
<kw name="Log To Console" library="BuiltIn">
<arg>${Celular[3]}</arg>
<doc>Logs the given message to the console.</doc>
<status status="PASS" starttime="20210713 20:51:25.609" endtime="20210713 20:51:25.611"/>
</kw>
<kw name="Log" library="BuiltIn">
<arg>${Celular[0]}</arg>
<doc>Logs the given message with the given level.</doc>
<msg timestamp="20210713 20:51:25.612" level="INFO">Samsung</msg>
<status status="PASS" starttime="20210713 20:51:25.611" endtime="20210713 20:51:25.612"/>
</kw>
<kw name="Log" library="BuiltIn">
<arg>${Celular[1]}</arg>
<doc>Logs the given message with the given level.</doc>
<msg timestamp="20210713 20:51:25.614" level="INFO">Iphone</msg>
<status status="PASS" starttime="20210713 20:51:25.613" endtime="20210713 20:51:25.614"/>
</kw>
<kw name="Log" library="BuiltIn">
<arg>${Celular[2]}</arg>
<doc>Logs the given message with the given level.</doc>
<msg timestamp="20210713 20:51:25.615" level="INFO">Motorola</msg>
<status status="PASS" starttime="20210713 20:51:25.614" endtime="20210713 20:51:25.615"/>
</kw>
<kw name="Log" library="BuiltIn">
<arg>${Celular[3]}</arg>
<doc>Logs the given message with the given level.</doc>
<msg timestamp="20210713 20:51:25.617" level="INFO">Xiaomi</msg>
<status status="PASS" starttime="20210713 20:51:25.616" endtime="20210713 20:51:25.618"/>
</kw>
<kw name="Log" library="BuiltIn">
<arg>${Celular[4]}</arg>
<doc>Logs the given message with the given level.</doc>
<msg timestamp="20210713 20:51:25.622" level="INFO">Nokia</msg>
<status status="PASS" starttime="20210713 20:51:25.619" endtime="20210713 20:51:25.622"/>
</kw>
<status status="PASS" starttime="20210713 20:51:25.606" endtime="20210713 20:51:25.624"/>
</test>
<test id="s1-t5" name="Média com Dicionário">
<kw name="Evaluate" library="BuiltIn">
<var>${Média}</var>
<arg>(${Notas.B1}+${Notas.B2}+${Notas.B3})/3</arg>
<doc>Evaluates the given expression in Python and returns the result.</doc>
<msg timestamp="20210713 20:51:25.631" level="INFO">${Média} = 7.166666666666667</msg>
<status status="PASS" starttime="20210713 20:51:25.628" endtime="20210713 20:51:25.631"/>
</kw>
<kw name="Log To Console" library="BuiltIn">
<arg>${Média}</arg>
<doc>Logs the given message to the console.</doc>
<status status="PASS" starttime="20210713 20:51:25.633" endtime="20210713 20:51:25.634"/>
</kw>
<kw name="Log" library="BuiltIn">
<arg>${Média}</arg>
<doc>Logs the given message with the given level.</doc>
<msg timestamp="20210713 20:51:25.635" level="INFO">7.166666666666667</msg>
<status status="PASS" starttime="20210713 20:51:25.634" endtime="20210713 20:51:25.635"/>
</kw>
<status status="PASS" starttime="20210713 20:51:25.625" endtime="20210713 20:51:25.635"/>
</test>
<test id="s1-t6" name="Média com Lista">
<kw name="Evaluate" library="BuiltIn">
<var>${Média2}</var>
<arg>(${Notas2[0]}+${Notas2[1]}+${Notas2[2]})/3</arg>
<doc>Evaluates the given expression in Python and returns the result.</doc>
<msg timestamp="20210713 20:51:25.642" level="INFO">${Média2} = 8.0</msg>
<status status="PASS" starttime="20210713 20:51:25.639" endtime="20210713 20:51:25.642"/>
</kw>
<kw name="Log To Console" library="BuiltIn">
<arg>${Média2}</arg>
<doc>Logs the given message to the console.</doc>
<status status="PASS" starttime="20210713 20:51:25.643" endtime="20210713 20:51:25.644"/>
</kw>
<status status="PASS" starttime="20210713 20:51:25.637" endtime="20210713 20:51:25.644"/>
</test>
<doc>Exercício 1 - SIS Academy - Robot Framework Básico</doc>
<status status="PASS" starttime="20210713 20:51:25.550" endtime="20210713 20:51:25.646"/>
</suite>
<statistics>
<total>
<stat pass="6" fail="0" skip="0">All Tests</stat>
</total>
<tag>
</tag>
<suite>
<stat pass="6" fail="0" skip="0" id="s1" name="Variaveis">Variaveis</stat>
</suite>
</statistics>
<errors>
</errors>
</robot>
