<?xml version="1.0" encoding="UTF-8"?>
<robot generator="Robot 4.0.3 (Python 3.9.6 on win32)" generated="20210716 21:13:17.747" rpa="false" schemaversion="2">
<suite id="s1" name="EstruturaIF" source="C:\treinamentoSIS\treinamentoSIS-Git\EstruturaIF.robot">
<test id="s1-t1" name="Validar o numero da lista">
<kw name="Create List" library="BuiltIn">
<var>@{listanum2}</var>
<arg>1</arg>
<arg>2</arg>
<arg>3</arg>
<arg>4</arg>
<arg>5</arg>
<arg>6</arg>
<arg>7</arg>
<arg>8</arg>
<arg>9</arg>
<arg>10</arg>
<doc>Returns a list containing given items.</doc>
<msg timestamp="20210716 21:13:17.785" level="INFO">@{listanum2} = [ 1 | 2 | 3 | 4 | 5 | 6 | 7 | 8 | 9 | 10 ]</msg>
<status status="PASS" starttime="20210716 21:13:17.785" endtime="20210716 21:13:17.786"/>
</kw>
<kw name="Validar um numero">
<arg>@{listanum2}</arg>
<for flavor="IN">
<var>${count2}</var>
<value>@{listanum2}</value>
<iter>
<var name="${count2}">1</var>
<if>
<branch type="IF" condition="&quot;${count2}&quot; == &quot;5&quot;">
<kw name="Log To Console" library="BuiltIn">
<arg>Estou no número ${count2}</arg>
<doc>Logs the given message to the console.</doc>
<status status="NOT RUN" starttime="20210716 21:13:17.789" endtime="20210716 21:13:17.789"/>
</kw>
<status status="NOT RUN" starttime="20210716 21:13:17.789" endtime="20210716 21:13:17.789"/>
</branch>
<branch type="ELSE IF" condition="&quot;${count2}&quot; == &quot;8&quot;">
<kw name="Log To Console" library="BuiltIn">
<arg>Estou no número ${count2}</arg>
<doc>Logs the given message to the console.</doc>
<status status="NOT RUN" starttime="20210716 21:13:17.789" endtime="20210716 21:13:17.789"/>
</kw>
<status status="NOT RUN" starttime="20210716 21:13:17.789" endtime="20210716 21:13:17.789"/>
</branch>
<status status="PASS" starttime="20210716 21:13:17.789" endtime="20210716 21:13:17.790"/>
</if>
<status status="PASS" starttime="20210716 21:13:17.789" endtime="20210716 21:13:17.790"/>
</iter>
<iter>
<var name="${count2}">2</var>
<if>
<branch type="IF" condition="&quot;${count2}&quot; == &quot;5&quot;">
<kw name="Log To Console" library="BuiltIn">
<arg>Estou no número ${count2}</arg>
<doc>Logs the given message to the console.</doc>
<status status="NOT RUN" starttime="20210716 21:13:17.790" endtime="20210716 21:13:17.790"/>
</kw>
<status status="NOT RUN" starttime="20210716 21:13:17.790" endtime="20210716 21:13:17.791"/>
</branch>
<branch type="ELSE IF" condition="&quot;${count2}&quot; == &quot;8&quot;">
<kw name="Log To Console" library="BuiltIn">
<arg>Estou no número ${count2}</arg>
<doc>Logs the given message to the console.</doc>
<status status="NOT RUN" starttime="20210716 21:13:17.791" endtime="20210716 21:13:17.792"/>
</kw>
<status status="NOT RUN" starttime="20210716 21:13:17.791" endtime="20210716 21:13:17.792"/>
</branch>
<status status="PASS" starttime="20210716 21:13:17.790" endtime="20210716 21:13:17.792"/>
</if>
<status status="PASS" starttime="20210716 21:13:17.790" endtime="20210716 21:13:17.792"/>
</iter>
<iter>
<var name="${count2}">3</var>
<if>
<branch type="IF" condition="&quot;${count2}&quot; == &quot;5&quot;">
<kw name="Log To Console" library="BuiltIn">
<arg>Estou no número ${count2}</arg>
<doc>Logs the given message to the console.</doc>
<status status="NOT RUN" starttime="20210716 21:13:17.793" endtime="20210716 21:13:17.793"/>
</kw>
<status status="NOT RUN" starttime="20210716 21:13:17.793" endtime="20210716 21:13:17.793"/>
</branch>
<branch type="ELSE IF" condition="&quot;${count2}&quot; == &quot;8&quot;">
<kw name="Log To Console" library="BuiltIn">
<arg>Estou no número ${count2}</arg>
<doc>Logs the given message to the console.</doc>
<status status="NOT RUN" starttime="20210716 21:13:17.793" endtime="20210716 21:13:17.793"/>
</kw>
<status status="NOT RUN" starttime="20210716 21:13:17.793" endtime="20210716 21:13:17.793"/>
</branch>
<status status="PASS" starttime="20210716 21:13:17.792" endtime="20210716 21:13:17.793"/>
</if>
<status status="PASS" starttime="20210716 21:13:17.792" endtime="20210716 21:13:17.794"/>
</iter>
<iter>
<var name="${count2}">4</var>
<if>
<branch type="IF" condition="&quot;${count2}&quot; == &quot;5&quot;">
<kw name="Log To Console" library="BuiltIn">
<arg>Estou no número ${count2}</arg>
<doc>Logs the given message to the console.</doc>
<status status="NOT RUN" starttime="20210716 21:13:17.795" endtime="20210716 21:13:17.795"/>
</kw>
<status status="NOT RUN" starttime="20210716 21:13:17.794" endtime="20210716 21:13:17.795"/>
</branch>
<branch type="ELSE IF" condition="&quot;${count2}&quot; == &quot;8&quot;">
<kw name="Log To Console" library="BuiltIn">
<arg>Estou no número ${count2}</arg>
<doc>Logs the given message to the console.</doc>
<status status="NOT RUN" starttime="20210716 21:13:17.795" endtime="20210716 21:13:17.795"/>
</kw>
<status status="NOT RUN" starttime="20210716 21:13:17.795" endtime="20210716 21:13:17.795"/>
</branch>
<status status="PASS" starttime="20210716 21:13:17.794" endtime="20210716 21:13:17.795"/>
</if>
<status status="PASS" starttime="20210716 21:13:17.794" endtime="20210716 21:13:17.795"/>
</iter>
<iter>
<var name="${count2}">5</var>
<if>
<branch type="IF" condition="&quot;${count2}&quot; == &quot;5&quot;">
<kw name="Log To Console" library="BuiltIn">
<arg>Estou no número ${count2}</arg>
<doc>Logs the given message to the console.</doc>
<status status="PASS" starttime="20210716 21:13:17.796" endtime="20210716 21:13:17.797"/>
</kw>
<status status="PASS" starttime="20210716 21:13:17.795" endtime="20210716 21:13:17.797"/>
</branch>
<branch type="ELSE IF" condition="&quot;${count2}&quot; == &quot;8&quot;">
<kw name="Log To Console" library="BuiltIn">
<arg>Estou no número ${count2}</arg>
<doc>Logs the given message to the console.</doc>
<status status="NOT RUN" starttime="20210716 21:13:17.797" endtime="20210716 21:13:17.797"/>
</kw>
<status status="NOT RUN" starttime="20210716 21:13:17.797" endtime="20210716 21:13:17.797"/>
</branch>
<status status="PASS" starttime="20210716 21:13:17.795" endtime="20210716 21:13:17.797"/>
</if>
<status status="PASS" starttime="20210716 21:13:17.795" endtime="20210716 21:13:17.797"/>
</iter>
<iter>
<var name="${count2}">6</var>
<if>
<branch type="IF" condition="&quot;${count2}&quot; == &quot;5&quot;">
<kw name="Log To Console" library="BuiltIn">
<arg>Estou no número ${count2}</arg>
<doc>Logs the given message to the console.</doc>
<status status="NOT RUN" starttime="20210716 21:13:17.798" endtime="20210716 21:13:17.798"/>
</kw>
<status status="NOT RUN" starttime="20210716 21:13:17.798" endtime="20210716 21:13:17.798"/>
</branch>
<branch type="ELSE IF" condition="&quot;${count2}&quot; == &quot;8&quot;">
<kw name="Log To Console" library="BuiltIn">
<arg>Estou no número ${count2}</arg>
<doc>Logs the given message to the console.</doc>
<status status="NOT RUN" starttime="20210716 21:13:17.798" endtime="20210716 21:13:17.798"/>
</kw>
<status status="NOT RUN" starttime="20210716 21:13:17.798" endtime="20210716 21:13:17.798"/>
</branch>
<status status="PASS" starttime="20210716 21:13:17.798" endtime="20210716 21:13:17.798"/>
</if>
<status status="PASS" starttime="20210716 21:13:17.798" endtime="20210716 21:13:17.798"/>
</iter>
<iter>
<var name="${count2}">7</var>
<if>
<branch type="IF" condition="&quot;${count2}&quot; == &quot;5&quot;">
<kw name="Log To Console" library="BuiltIn">
<arg>Estou no número ${count2}</arg>
<doc>Logs the given message to the console.</doc>
<status status="NOT RUN" starttime="20210716 21:13:17.799" endtime="20210716 21:13:17.799"/>
</kw>
<status status="NOT RUN" starttime="20210716 21:13:17.799" endtime="20210716 21:13:17.799"/>
</branch>
<branch type="ELSE IF" condition="&quot;${count2}&quot; == &quot;8&quot;">
<kw name="Log To Console" library="BuiltIn">
<arg>Estou no número ${count2}</arg>
<doc>Logs the given message to the console.</doc>
<status status="NOT RUN" starttime="20210716 21:13:17.799" endtime="20210716 21:13:17.799"/>
</kw>
<status status="NOT RUN" starttime="20210716 21:13:17.799" endtime="20210716 21:13:17.799"/>
</branch>
<status status="PASS" starttime="20210716 21:13:17.798" endtime="20210716 21:13:17.799"/>
</if>
<status status="PASS" starttime="20210716 21:13:17.798" endtime="20210716 21:13:17.799"/>
</iter>
<iter>
<var name="${count2}">8</var>
<if>
<branch type="IF" condition="&quot;${count2}&quot; == &quot;5&quot;">
<kw name="Log To Console" library="BuiltIn">
<arg>Estou no número ${count2}</arg>
<doc>Logs the given message to the console.</doc>
<status status="NOT RUN" starttime="20210716 21:13:17.800" endtime="20210716 21:13:17.800"/>
</kw>
<status status="NOT RUN" starttime="20210716 21:13:17.799" endtime="20210716 21:13:17.800"/>
</branch>
<branch type="ELSE IF" condition="&quot;${count2}&quot; == &quot;8&quot;">
<kw name="Log To Console" library="BuiltIn">
<arg>Estou no número ${count2}</arg>
<doc>Logs the given message to the console.</doc>
<status status="PASS" starttime="20210716 21:13:17.800" endtime="20210716 21:13:17.801"/>
</kw>
<status status="PASS" starttime="20210716 21:13:17.800" endtime="20210716 21:13:17.801"/>
</branch>
<status status="PASS" starttime="20210716 21:13:17.799" endtime="20210716 21:13:17.801"/>
</if>
<status status="PASS" starttime="20210716 21:13:17.799" endtime="20210716 21:13:17.801"/>
</iter>
<iter>
<var name="${count2}">9</var>
<if>
<branch type="IF" condition="&quot;${count2}&quot; == &quot;5&quot;">
<kw name="Log To Console" library="BuiltIn">
<arg>Estou no número ${count2}</arg>
<doc>Logs the given message to the console.</doc>
<status status="NOT RUN" starttime="20210716 21:13:17.802" endtime="20210716 21:13:17.802"/>
</kw>
<status status="NOT RUN" starttime="20210716 21:13:17.802" endtime="20210716 21:13:17.802"/>
</branch>
<branch type="ELSE IF" condition="&quot;${count2}&quot; == &quot;8&quot;">
<kw name="Log To Console" library="BuiltIn">
<arg>Estou no número ${count2}</arg>
<doc>Logs the given message to the console.</doc>
<status status="NOT RUN" starttime="20210716 21:13:17.802" endtime="20210716 21:13:17.802"/>
</kw>
<status status="NOT RUN" starttime="20210716 21:13:17.802" endtime="20210716 21:13:17.802"/>
</branch>
<status status="PASS" starttime="20210716 21:13:17.801" endtime="20210716 21:13:17.802"/>
</if>
<status status="PASS" starttime="20210716 21:13:17.801" endtime="20210716 21:13:17.802"/>
</iter>
<iter>
<var name="${count2}">10</var>
<if>
<branch type="IF" condition="&quot;${count2}&quot; == &quot;5&quot;">
<kw name="Log To Console" library="BuiltIn">
<arg>Estou no número ${count2}</arg>
<doc>Logs the given message to the console.</doc>
<status status="NOT RUN" starttime="20210716 21:13:17.803" endtime="20210716 21:13:17.803"/>
</kw>
<status status="NOT RUN" starttime="20210716 21:13:17.803" endtime="20210716 21:13:17.803"/>
</branch>
<branch type="ELSE IF" condition="&quot;${count2}&quot; == &quot;8&quot;">
<kw name="Log To Console" library="BuiltIn">
<arg>Estou no número ${count2}</arg>
<doc>Logs the given message to the console.</doc>
<status status="NOT RUN" starttime="20210716 21:13:17.803" endtime="20210716 21:13:17.803"/>
</kw>
<status status="NOT RUN" starttime="20210716 21:13:17.803" endtime="20210716 21:13:17.803"/>
</branch>
<status status="PASS" starttime="20210716 21:13:17.803" endtime="20210716 21:13:17.803"/>
</if>
<status status="PASS" starttime="20210716 21:13:17.802" endtime="20210716 21:13:17.803"/>
</iter>
<status status="PASS" starttime="20210716 21:13:17.788" endtime="20210716 21:13:17.803"/>
</for>
<status status="PASS" starttime="20210716 21:13:17.787" endtime="20210716 21:13:17.804"/>
</kw>
<status status="PASS" starttime="20210716 21:13:17.783" endtime="20210716 21:13:17.805"/>
</test>
<doc>Usando o IF</doc>
<status status="PASS" starttime="20210716 21:13:17.749" endtime="20210716 21:13:17.808"/>
</suite>
<statistics>
<total>
<stat pass="1" fail="0" skip="0">All Tests</stat>
</total>
<tag>
</tag>
<suite>
<stat pass="1" fail="0" skip="0" id="s1" name="EstruturaIF">EstruturaIF</stat>
</suite>
</statistics>
<errors>
</errors>
</robot>
